Flow report for lr4
Tue Apr 12 17:29:32 2022
Quartus II 64-Bit Version 13.0.1 Build 232 06/12/2013 Service Pack 1 SJ Web Edition


---------------------
; Table of Contents ;
---------------------
  1. Legal Notice
  2. Flow Summary
  3. Flow Settings
  4. Flow Non-Default Global Settings
  5. Flow Elapsed Time
  6. Flow OS Summary
  7. Flow Log
  8. Flow Messages
  9. Flow Suppressed Messages



----------------
; Legal Notice ;
----------------
Copyright (C) 1991-2013 Altera Corporation
Your use of Altera Corporation's design tools, logic functions 
and other software and tools, and its AMPP partner logic 
functions, and any output files from any of the foregoing 
(including device programming or simulation files), and any 
associated documentation or information are expressly subject 
to the terms and conditions of the Altera Program License 
Subscription Agreement, Altera MegaCore Function License 
Agreement, or other applicable license agreement, including, 
without limitation, that your use is for the sole purpose of 
programming logic devices manufactured by Altera and sold by 
Altera or its authorized distributors.  Please refer to the 
applicable agreement for further details.



+--------------------------------------------------------------------------------------+
; Flow Summary                                                                         ;
+------------------------------------+-------------------------------------------------+
; Flow Status                        ; Successful - Tue Apr 12 17:29:32 2022           ;
; Quartus II 64-Bit Version          ; 13.0.1 Build 232 06/12/2013 SP 1 SJ Web Edition ;
; Revision Name                      ; lr4                                             ;
; Top-level Entity Name              ; lr4                                             ;
; Family                             ; Cyclone II                                      ;
; Device                             ; EP2C20F484C7                                    ;
; Timing Models                      ; Final                                           ;
; Total logic elements               ; 43 / 18,752 ( < 1 % )                           ;
;     Total combinational functions  ; 40 / 18,752 ( < 1 % )                           ;
;     Dedicated logic registers      ; 23 / 18,752 ( < 1 % )                           ;
; Total registers                    ; 23                                              ;
; Total pins                         ; 22 / 315 ( 7 % )                                ;
; Total virtual pins                 ; 0                                               ;
; Total memory bits                  ; 0 / 239,616 ( 0 % )                             ;
; Embedded Multiplier 9-bit elements ; 0 / 52 ( 0 % )                                  ;
; Total PLLs                         ; 0 / 4 ( 0 % )                                   ;
+------------------------------------+-------------------------------------------------+


+-----------------------------------------+
; Flow Settings                           ;
+-------------------+---------------------+
; Option            ; Setting             ;
+-------------------+---------------------+
; Start date & time ; 04/12/2022 17:29:22 ;
; Main task         ; Compilation         ;
; Revision Name     ; lr4                 ;
+-------------------+---------------------+


+----------------------------------------------------------------------------------------------------------------------+
; Flow Non-Default Global Settings                                                                                     ;
+-------------------------------------+---------------------------------+---------------+-------------+----------------+
; Assignment Name                     ; Value                           ; Default Value ; Entity Name ; Section Id     ;
+-------------------------------------+---------------------------------+---------------+-------------+----------------+
; COMPILER_SIGNATURE_ID               ; 247207021488357.164977376205224 ; --            ; --          ; --             ;
; EDA_GENERATE_FUNCTIONAL_NETLIST     ; On                              ; --            ; --          ; eda_simulation ;
; EDA_OUTPUT_DATA_FORMAT              ; Verilog Hdl                     ; --            ; --          ; eda_simulation ;
; EDA_SIMULATION_TOOL                 ; ModelSim-Altera (Verilog)       ; <None>        ; --          ; --             ;
; MAX_CORE_JUNCTION_TEMP              ; 85                              ; --            ; --          ; --             ;
; MIN_CORE_JUNCTION_TEMP              ; 0                               ; --            ; --          ; --             ;
; PARTITION_COLOR                     ; 16764057                        ; --            ; --          ; Top            ;
; PARTITION_FITTER_PRESERVATION_LEVEL ; PLACEMENT_AND_ROUTING           ; --            ; --          ; Top            ;
; PARTITION_NETLIST_TYPE              ; SOURCE                          ; --            ; --          ; Top            ;
; PROJECT_OUTPUT_DIRECTORY            ; output_files                    ; --            ; --          ; --             ;
+-------------------------------------+---------------------------------+---------------+-------------+----------------+


+-------------------------------------------------------------------------------------------------------------------------------+
; Flow Elapsed Time                                                                                                             ;
+---------------------------+--------------+-------------------------+---------------------+------------------------------------+
; Module Name               ; Elapsed Time ; Average Processors Used ; Peak Virtual Memory ; Total CPU Time (on all processors) ;
+---------------------------+--------------+-------------------------+---------------------+------------------------------------+
; Analysis & Synthesis      ; 00:00:01     ; 1.0                     ; 431 MB              ; 00:00:01                           ;
; Fitter                    ; 00:00:04     ; 1.0                     ; 619 MB              ; 00:00:03                           ;
; Assembler                 ; 00:00:01     ; 1.0                     ; 422 MB              ; 00:00:01                           ;
; TimeQuest Timing Analyzer ; 00:00:01     ; 1.0                     ; 388 MB              ; 00:00:01                           ;
; EDA Netlist Writer        ; 00:00:00     ; 1.0                     ; 372 MB              ; 00:00:00                           ;
; Total                     ; 00:00:07     ; --                      ; --                  ; 00:00:06                           ;
+---------------------------+--------------+-------------------------+---------------------+------------------------------------+


+----------------------------------------------------------------------------------------+
; Flow OS Summary                                                                        ;
+---------------------------+------------------+-----------+------------+----------------+
; Module Name               ; Machine Hostname ; OS Name   ; OS Version ; Processor type ;
+---------------------------+------------------+-----------+------------+----------------+
; Analysis & Synthesis      ; 4328_COMP-06     ; Windows 7 ; 6.1        ; x86_64         ;
; Fitter                    ; 4328_COMP-06     ; Windows 7 ; 6.1        ; x86_64         ;
; Assembler                 ; 4328_COMP-06     ; Windows 7 ; 6.1        ; x86_64         ;
; TimeQuest Timing Analyzer ; 4328_COMP-06     ; Windows 7 ; 6.1        ; x86_64         ;
; EDA Netlist Writer        ; 4328_COMP-06     ; Windows 7 ; 6.1        ; x86_64         ;
+---------------------------+------------------+-----------+------------+----------------+


------------
; Flow Log ;
------------
quartus_map --read_settings_files=on --write_settings_files=off lr4 -c lr4
quartus_fit --read_settings_files=off --write_settings_files=off lr4 -c lr4
quartus_asm --read_settings_files=off --write_settings_files=off lr4 -c lr4
quartus_sta lr4 -c lr4
quartus_eda --read_settings_files=off --write_settings_files=off lr4 -c lr4



