Flow report for l3_format
Thu Jun 16 22:32:05 2022
Quartus II 64-Bit Version 13.0.1 Build 232 06/12/2013 Service Pack 1 SJ Web Edition


---------------------
; Table of Contents ;
---------------------
  1. Legal Notice
  2. Flow Summary
  3. Flow Settings
  4. Flow Non-Default Global Settings
  5. Flow Elapsed Time
  6. Flow OS Summary
  7. Flow Log
  8. Flow Messages
  9. Flow Suppressed Messages



----------------
; Legal Notice ;
----------------
Copyright (C) 1991-2013 Altera Corporation
Your use of Altera Corporation's design tools, logic functions 
and other software and tools, and its AMPP partner logic 
functions, and any output files from any of the foregoing 
(including device programming or simulation files), and any 
associated documentation or information are expressly subject 
to the terms and conditions of the Altera Program License 
Subscription Agreement, Altera MegaCore Function License 
Agreement, or other applicable license agreement, including, 
without limitation, that your use is for the sole purpose of 
programming logic devices manufactured by Altera and sold by 
Altera or its authorized distributors.  Please refer to the 
applicable agreement for further details.



+--------------------------------------------------------------------------------------+
; Flow Summary                                                                         ;
+------------------------------------+-------------------------------------------------+
; Flow Status                        ; Successful - Thu Jun 16 22:32:04 2022           ;
; Quartus II 64-Bit Version          ; 13.0.1 Build 232 06/12/2013 SP 1 SJ Web Edition ;
; Revision Name                      ; l3_format                                       ;
; Top-level Entity Name              ; l3_format_out                                   ;
; Family                             ; Cyclone II                                      ;
; Device                             ; EP2C20F484C7                                    ;
; Timing Models                      ; Final                                           ;
; Total logic elements               ; 61 / 18,752 ( < 1 % )                           ;
;     Total combinational functions  ; 61 / 18,752 ( < 1 % )                           ;
;     Dedicated logic registers      ; 0 / 18,752 ( 0 % )                              ;
; Total registers                    ; 0                                               ;
; Total pins                         ; 39 / 315 ( 12 % )                               ;
; Total virtual pins                 ; 0                                               ;
; Total memory bits                  ; 0 / 239,616 ( 0 % )                             ;
; Embedded Multiplier 9-bit elements ; 0 / 52 ( 0 % )                                  ;
; Total PLLs                         ; 0 / 4 ( 0 % )                                   ;
+------------------------------------+-------------------------------------------------+


+-----------------------------------------+
; Flow Settings                           ;
+-------------------+---------------------+
; Option            ; Setting             ;
+-------------------+---------------------+
; Start date & time ; 06/16/2022 22:31:55 ;
; Main task         ; Compilation         ;
; Revision Name     ; l3_format           ;
+-------------------+---------------------+


+------------------------------------------------------------------------------------------------------------------+
; Flow Non-Default Global Settings                                                                                 ;
+-------------------------------------+-------------------------------+---------------+---------------+------------+
; Assignment Name                     ; Value                         ; Default Value ; Entity Name   ; Section Id ;
+-------------------------------------+-------------------------------+---------------+---------------+------------+
; COMPILER_SIGNATURE_ID               ; 9447193119228.165540791522196 ; --            ; --            ; --         ;
; MAX_CORE_JUNCTION_TEMP              ; 85                            ; --            ; --            ; --         ;
; MIN_CORE_JUNCTION_TEMP              ; 0                             ; --            ; --            ; --         ;
; PARTITION_COLOR                     ; 16764057                      ; --            ; l3_format_out ; Top        ;
; PARTITION_FITTER_PRESERVATION_LEVEL ; PLACEMENT_AND_ROUTING         ; --            ; l3_format_out ; Top        ;
; PARTITION_NETLIST_TYPE              ; SOURCE                        ; --            ; l3_format_out ; Top        ;
; PROJECT_OUTPUT_DIRECTORY            ; output_files                  ; --            ; --            ; --         ;
; TOP_LEVEL_ENTITY                    ; l3_format_out                 ; l3_format     ; --            ; --         ;
+-------------------------------------+-------------------------------+---------------+---------------+------------+


+-------------------------------------------------------------------------------------------------------------------------------+
; Flow Elapsed Time                                                                                                             ;
+---------------------------+--------------+-------------------------+---------------------+------------------------------------+
; Module Name               ; Elapsed Time ; Average Processors Used ; Peak Virtual Memory ; Total CPU Time (on all processors) ;
+---------------------------+--------------+-------------------------+---------------------+------------------------------------+
; Analysis & Synthesis      ; 00:00:01     ; 1.0                     ; 4589 MB             ; 00:00:01                           ;
; Fitter                    ; 00:00:04     ; 1.0                     ; 4840 MB             ; 00:00:04                           ;
; Assembler                 ; 00:00:02     ; 1.0                     ; 4558 MB             ; 00:00:01                           ;
; TimeQuest Timing Analyzer ; 00:00:01     ; 1.0                     ; 4536 MB             ; 00:00:01                           ;
; Total                     ; 00:00:08     ; --                      ; --                  ; 00:00:07                           ;
+---------------------------+--------------+-------------------------+---------------------+------------------------------------+


+----------------------------------------------------------------------------------------+
; Flow OS Summary                                                                        ;
+---------------------------+------------------+-----------+------------+----------------+
; Module Name               ; Machine Hostname ; OS Name   ; OS Version ; Processor type ;
+---------------------------+------------------+-----------+------------+----------------+
; Analysis & Synthesis      ; T7               ; Windows 7 ; 6.2        ; x86_64         ;
; Fitter                    ; T7               ; Windows 7 ; 6.2        ; x86_64         ;
; Assembler                 ; T7               ; Windows 7 ; 6.2        ; x86_64         ;
; TimeQuest Timing Analyzer ; T7               ; Windows 7 ; 6.2        ; x86_64         ;
+---------------------------+------------------+-----------+------------+----------------+


------------
; Flow Log ;
------------
quartus_map --read_settings_files=on --write_settings_files=off l3_format -c l3_format
quartus_fit --read_settings_files=off --write_settings_files=off l3_format -c l3_format
quartus_asm --read_settings_files=off --write_settings_files=off l3_format -c l3_format
quartus_sta l3_format -c l3_format



